<?xml version="1.0" encoding="UTF-8"?>
<!-- Generated by org.testng.reporters.JUnitReportReporter -->
<testsuite skipped="0" hostname="DESKTOP-62A7UV5" name="JopPackage.JobTest" tests="1" failures="0" timestamp="16 Jan 2022 09:04:16 GMT" time="8.063" errors="0">
  <testcase name="LetsBuild" time="8.063" classname="JopPackage.JobTest"/>
</testsuite> <!-- JopPackage.JobTest -->
