<?xml version="1.0" encoding="UTF-8"?>
<!-- Generated by org.testng.reporters.JUnitReportReporter -->
<testsuite hostname="DESKTOP-62A7UV5" failures="0" tests="1" name="JopPackage.JobTest" time="12.757" errors="0" timestamp="2022-01-16T14:39:31 IST" skipped="0">
  <testcase classname="JopPackage.JobTest" name="LetsBuild" time="12.757"/>
</testsuite> <!-- JopPackage.JobTest -->
